  SVGReader.cpp
D:\SVG-Reader\SVG-Reader\Shape.h(49,54): warning C4244: '=': conversion from 'double' to 'float', possible loss of data
  (compiling source file '/SVGReader.cpp')
  
D:\SVG-Reader\SVG-Reader\Shape.h(64,60): warning C4244: '=': conversion from 'double' to 'float', possible loss of data
  (compiling source file '/SVGReader.cpp')
  
D:\SVG-Reader\SVG-Reader\Shape.h(65,64): warning C4244: '=': conversion from 'double' to 'float', possible loss of data
  (compiling source file '/SVGReader.cpp')
  
D:\SVG-Reader\SVG-Reader\Shape.h(66,60): warning C4244: '=': conversion from 'int' to 'float', possible loss of data
  (compiling source file '/SVGReader.cpp')
  
D:\SVG-Reader\SVG-Reader\Shape.h(77,60): warning C4244: '=': conversion from 'double' to 'float', possible loss of data
  (compiling source file '/SVGReader.cpp')
  
D:\SVG-Reader\SVG-Reader\Shape.h(78,64): warning C4244: '=': conversion from 'double' to 'float', possible loss of data
  (compiling source file '/SVGReader.cpp')
  
D:\SVG-Reader\SVG-Reader\Shape.h(79,60): warning C4244: '=': conversion from 'int' to 'float', possible loss of data
  (compiling source file '/SVGReader.cpp')
  
D:\SVG-Reader\SVG-Reader\Shape.h(96,60): warning C4244: '=': conversion from 'double' to 'float', possible loss of data
  (compiling source file '/SVGReader.cpp')
  
D:\SVG-Reader\SVG-Reader\Shape.h(97,64): warning C4244: '=': conversion from 'double' to 'float', possible loss of data
  (compiling source file '/SVGReader.cpp')
  
D:\SVG-Reader\SVG-Reader\Shape.h(98,60): warning C4244: '=': conversion from 'int' to 'float', possible loss of data
  (compiling source file '/SVGReader.cpp')
  
D:\SVG-Reader\SVG-Reader\Shape.h(113,64): warning C4244: '=': conversion from 'double' to 'float', possible loss of data
  (compiling source file '/SVGReader.cpp')
  
D:\SVG-Reader\SVG-Reader\Shape.h(114,60): warning C4244: '=': conversion from 'double' to 'float', possible loss of data
  (compiling source file '/SVGReader.cpp')
  
D:\SVG-Reader\SVG-Reader\Shape.h(125,60): warning C4244: '=': conversion from 'double' to 'float', possible loss of data
  (compiling source file '/SVGReader.cpp')
  
D:\SVG-Reader\SVG-Reader\Shape.h(126,64): warning C4244: '=': conversion from 'double' to 'float', possible loss of data
  (compiling source file '/SVGReader.cpp')
  
D:\SVG-Reader\SVG-Reader\Shape.h(127,60): warning C4244: '=': conversion from 'int' to 'float', possible loss of data
  (compiling source file '/SVGReader.cpp')
  
  SVG-Reader.vcxproj -> D:\SVG-Reader\x64\Debug\SVG-Reader.exe
